<?xml version="1.0" encoding="UTF-8"?>
<testsuite xmlns:xsi="http://www.w3.org/2001/XMLSchema-instance" xsi:schemaLocation="https://maven.apache.org/surefire/maven-surefire-plugin/xsd/surefire-test-report.xsd" name="TestSuite" time="45.506" tests="1" errors="0" skipped="0" failures="1">
  <properties>
    <property name="java.runtime.name" value="Java(TM) SE Runtime Environment"/>
    <property name="sun.boot.library.path" value="/Library/Java/JavaVirtualMachines/jdk1.8.0_161.jdk/Contents/Home/jre/lib"/>
    <property name="java.vm.version" value="25.161-b12"/>
    <property name="gopherProxySet" value="false"/>
    <property name="java.vm.vendor" value="Oracle Corporation"/>
    <property name="maven.multiModuleProjectDirectory" value="/Users/admin/Documents/Nandkishor/AppleTest"/>
    <property name="java.vendor.url" value="http://java.oracle.com/"/>
    <property name="path.separator" value=":"/>
    <property name="guice.disable.misplaced.annotation.check" value="true"/>
    <property name="java.vm.name" value="Java HotSpot(TM) 64-Bit Server VM"/>
    <property name="file.encoding.pkg" value="sun.io"/>
    <property name="user.country" value="IN"/>
    <property name="sun.java.launcher" value="SUN_STANDARD"/>
    <property name="sun.os.patch.level" value="unknown"/>
    <property name="java.vm.specification.name" value="Java Virtual Machine Specification"/>
    <property name="user.dir" value="/Users/admin/Documents/Nandkishor/AppleTest"/>
    <property name="java.runtime.version" value="1.8.0_161-b12"/>
    <property name="java.awt.graphicsenv" value="sun.awt.CGraphicsEnvironment"/>
    <property name="java.endorsed.dirs" value="/Library/Java/JavaVirtualMachines/jdk1.8.0_161.jdk/Contents/Home/jre/lib/endorsed"/>
    <property name="os.arch" value="x86_64"/>
    <property name="java.io.tmpdir" value="/var/folders/bd/jn8_1ljx235_79_c3hr75mwc0000gn/T/"/>
    <property name="line.separator" value="&#10;"/>
    <property name="java.vm.specification.vendor" value="Oracle Corporation"/>
    <property name="os.name" value="Mac OS X"/>
    <property name="classworlds.conf" value="/Users/admin/Documents/workspace-sts-3.9.2.RELEASE/.metadata/.plugins/org.eclipse.m2e.launching/launches/m2conf7152518717919180705.tmp"/>
    <property name="sun.jnu.encoding" value="UTF-8"/>
    <property name="java.library.path" value="/Users/admin/Library/Java/Extensions:/Library/Java/Extensions:/Network/Library/Java/Extensions:/System/Library/Java/Extensions:/usr/lib/java:."/>
    <property name="java.specification.name" value="Java Platform API Specification"/>
    <property name="java.class.version" value="52.0"/>
    <property name="sun.management.compiler" value="HotSpot 64-Bit Tiered Compilers"/>
    <property name="os.version" value="10.13.3"/>
    <property name="http.nonProxyHosts" value="mindtree.com|*.mindtree.com"/>
    <property name="user.home" value="/Users/admin"/>
    <property name="user.timezone" value="Asia/Kolkata"/>
    <property name="java.awt.printerjob" value="sun.lwawt.macosx.CPrinterJob"/>
    <property name="java.specification.version" value="1.8"/>
    <property name="file.encoding" value="UTF-8"/>
    <property name="user.name" value="admin"/>
    <property name="java.class.path" value="/private/var/folders/bd/jn8_1ljx235_79_c3hr75mwc0000gn/T/AppTranslocation/6355B616-4DCC-4C7E-85F4-12E3B30D7FCA/d/STS.app/Contents/Eclipse/plugins/org.eclipse.m2e.maven.runtime_1.8.2.20171007-0216/jars/plexus-classworlds-2.5.2.jar"/>
    <property name="java.vm.specification.version" value="1.8"/>
    <property name="sun.arch.data.model" value="64"/>
    <property name="java.home" value="/Library/Java/JavaVirtualMachines/jdk1.8.0_161.jdk/Contents/Home/jre"/>
    <property name="sun.java.command" value="org.codehaus.plexus.classworlds.launcher.Launcher -B install"/>
    <property name="java.specification.vendor" value="Oracle Corporation"/>
    <property name="user.language" value="en"/>
    <property name="awt.toolkit" value="sun.lwawt.macosx.LWCToolkit"/>
    <property name="java.vm.info" value="mixed mode"/>
    <property name="java.version" value="1.8.0_161"/>
    <property name="java.ext.dirs" value="/Users/admin/Library/Java/Extensions:/Library/Java/JavaVirtualMachines/jdk1.8.0_161.jdk/Contents/Home/jre/lib/ext:/Library/Java/Extensions:/Network/Library/Java/Extensions:/System/Library/Java/Extensions:/usr/lib/java"/>
    <property name="sun.boot.class.path" value="/Library/Java/JavaVirtualMachines/jdk1.8.0_161.jdk/Contents/Home/jre/lib/resources.jar:/Library/Java/JavaVirtualMachines/jdk1.8.0_161.jdk/Contents/Home/jre/lib/rt.jar:/Library/Java/JavaVirtualMachines/jdk1.8.0_161.jdk/Contents/Home/jre/lib/sunrsasign.jar:/Library/Java/JavaVirtualMachines/jdk1.8.0_161.jdk/Contents/Home/jre/lib/jsse.jar:/Library/Java/JavaVirtualMachines/jdk1.8.0_161.jdk/Contents/Home/jre/lib/jce.jar:/Library/Java/JavaVirtualMachines/jdk1.8.0_161.jdk/Contents/Home/jre/lib/charsets.jar:/Library/Java/JavaVirtualMachines/jdk1.8.0_161.jdk/Contents/Home/jre/lib/jfr.jar:/Library/Java/JavaVirtualMachines/jdk1.8.0_161.jdk/Contents/Home/jre/classes"/>
    <property name="java.vendor" value="Oracle Corporation"/>
    <property name="maven.home" value="/Users/admin/Documents/Nandkishor/AppleTest/EMBEDDED"/>
    <property name="file.separator" value="/"/>
    <property name="java.vendor.url.bug" value="http://bugreport.sun.com/bugreport/"/>
    <property name="sun.cpu.endian" value="little"/>
    <property name="sun.io.unicode.encoding" value="UnicodeBig"/>
    <property name="socksNonProxyHosts" value="mindtree.com|*.mindtree.com"/>
    <property name="ftp.nonProxyHosts" value="mindtree.com|*.mindtree.com"/>
    <property name="sun.cpu.isalist" value=""/>
  </properties>
  <testcase name="LoginTest" classname="com.apple.testcases.AppleStep1Flow" time="44.206">
    <failure message="no such element: Unable to locate element: {&quot;method&quot;:&quot;xpath&quot;,&quot;selector&quot;:&quot;//*[@id=&apos;chapternav&apos;]/div/ul/li[3]/a/span[text()=&apos;MacBook Pro&apos;]&quot;}&#10;  (Session info: chrome=65.0.3325.181)&#10;  (Driver info: chromedriver=2.37.543654 (a46b62e9900f5ac48951f8ad68d9e03eded4cc8d),platform=Mac OS X 10.13.3 x86_64) (WARNING: The server did not provide any stacktrace information)&#10;Command duration or timeout: 0 milliseconds&#10;For documentation on this error, please visit: http://seleniumhq.org/exceptions/no_such_element.html&#10;Build info: version: &apos;3.8.1&apos;, revision: &apos;6e95a6684b&apos;, time: &apos;2017-12-01T18:33:54.468Z&apos;&#10;System info: host: &apos;D1ML00123M.local&apos;, ip: &apos;192.168.0.109&apos;, os.name: &apos;Mac OS X&apos;, os.arch: &apos;x86_64&apos;, os.version: &apos;10.13.3&apos;, java.version: &apos;1.8.0_161&apos;&#10;Driver info: org.openqa.selenium.remote.RemoteWebDriver&#10;Capabilities {acceptInsecureCerts: false, acceptSslCerts: false, applicationCacheEnabled: false, browserConnectionEnabled: false, browserName: chrome, chrome: {chromedriverVersion: 2.37.543654 (a46b62e9900f5a..., userDataDir: /var/folders/bd/jn8_1ljx235...}, cssSelectorsEnabled: true, databaseEnabled: false, handlesAlerts: true, hasTouchScreen: false, javascriptEnabled: true, locationContextEnabled: true, mobileEmulationEnabled: false, nativeEvents: true, networkConnectionEnabled: false, pageLoadStrategy: normal, platform: MAC, platformName: MAC, rotatable: false, setWindowRect: true, takesHeapSnapshot: true, takesScreenshot: true, unexpectedAlertBehaviour: , unhandledPromptBehavior: , version: 65.0.3325.181, webStorageEnabled: true}&#10;Session ID: 64abd7d46a0d530cb42058d0f9ad766f&#10;*** Element info: {Using=xpath, value=//*[@id=&apos;chapternav&apos;]/div/ul/li[3]/a/span[text()=&apos;MacBook Pro&apos;]}" type="org.openqa.selenium.NoSuchElementException">org.openqa.selenium.NoSuchElementException: 
no such element: Unable to locate element: {"method":"xpath","selector":"//*[@id='chapternav']/div/ul/li[3]/a/span[text()='MacBook Pro']"}
  (Session info: chrome=65.0.3325.181)
  (Driver info: chromedriver=2.37.543654 (a46b62e9900f5ac48951f8ad68d9e03eded4cc8d),platform=Mac OS X 10.13.3 x86_64) (WARNING: The server did not provide any stacktrace information)
Command duration or timeout: 0 milliseconds
For documentation on this error, please visit: http://seleniumhq.org/exceptions/no_such_element.html
Build info: version: '3.8.1', revision: '6e95a6684b', time: '2017-12-01T18:33:54.468Z'
System info: host: 'D1ML00123M.local', ip: '192.168.0.109', os.name: 'Mac OS X', os.arch: 'x86_64', os.version: '10.13.3', java.version: '1.8.0_161'
Driver info: org.openqa.selenium.remote.RemoteWebDriver
Capabilities {acceptInsecureCerts: false, acceptSslCerts: false, applicationCacheEnabled: false, browserConnectionEnabled: false, browserName: chrome, chrome: {chromedriverVersion: 2.37.543654 (a46b62e9900f5a..., userDataDir: /var/folders/bd/jn8_1ljx235...}, cssSelectorsEnabled: true, databaseEnabled: false, handlesAlerts: true, hasTouchScreen: false, javascriptEnabled: true, locationContextEnabled: true, mobileEmulationEnabled: false, nativeEvents: true, networkConnectionEnabled: false, pageLoadStrategy: normal, platform: MAC, platformName: MAC, rotatable: false, setWindowRect: true, takesHeapSnapshot: true, takesScreenshot: true, unexpectedAlertBehaviour: , unhandledPromptBehavior: , version: 65.0.3325.181, webStorageEnabled: true}
Session ID: 64abd7d46a0d530cb42058d0f9ad766f
*** Element info: {Using=xpath, value=//*[@id='chapternav']/div/ul/li[3]/a/span[text()='MacBook Pro']}
	at com.apple.testcases.AppleStep1Flow.LoginTest(AppleStep1Flow.java:26)
</failure>
    <system-out><![CDATA[...
... TestNG 6.11 by CÃ©dric Beust (cedric@beust.com)
...

Properties file path .../Users/admin/Documents/Nandkishor/AppleTest/src/main/java/com/apple/config/config.properties
Opening chrome driver
RemoteWebDriver: chrome on MAC (64abd7d46a0d530cb42058d0f9ad766f)
//*[@id='ac-globalnav']/div/ul[2]/li[2]/a
Trying to find Element By : By.xpath: //*[@id='ac-globalnav']/div/ul[2]/li[2]/a
Found Element By : By.xpath: //*[@id='ac-globalnav']/div/ul[2]/li[2]/a
[[RemoteWebDriver: chrome on MAC (64abd7d46a0d530cb42058d0f9ad766f)] -> xpath: //*[@id='ac-globalnav']/div/ul[2]/li[2]/a]
//*[@id='chapternav']/div/ul/li[3]/a/span[text()='MacBook Pro']
Trying to find Element By : By.xpath: //*[@id='chapternav']/div/ul/li[3]/a/span[text()='MacBook Pro']
Exception occured: org.openqa.selenium.NoSuchElementException: no such element: Unable to locate element: {"method":"xpath","selector":"//*[@id='chapternav']/div/ul/li[3]/a/span[text()='MacBook Pro']"}
  (Session info: chrome=65.0.3325.181)
  (Driver info: chromedriver=2.37.543654 (a46b62e9900f5ac48951f8ad68d9e03eded4cc8d),platform=Mac OS X 10.13.3 x86_64) (WARNING: The server did not provide any stacktrace information)
Command duration or timeout: 0 milliseconds
For documentation on this error, please visit: http://seleniumhq.org/exceptions/no_such_element.html
Build info: version: '3.8.1', revision: '6e95a6684b', time: '2017-12-01T18:33:54.468Z'
System info: host: 'D1ML00123M.local', ip: '192.168.0.109', os.name: 'Mac OS X', os.arch: 'x86_64', os.version: '10.13.3', java.version: '1.8.0_161'
Driver info: org.openqa.selenium.remote.RemoteWebDriver
Capabilities {acceptInsecureCerts: false, acceptSslCerts: false, applicationCacheEnabled: false, browserConnectionEnabled: false, browserName: chrome, chrome: {chromedriverVersion: 2.37.543654 (a46b62e9900f5a..., userDataDir: /var/folders/bd/jn8_1ljx235...}, cssSelectorsEnabled: true, databaseEnabled: false, handlesAlerts: true, hasTouchScreen: false, javascriptEnabled: true, locationContextEnabled: true, mobileEmulationEnabled: false, nativeEvents: true, networkConnectionEnabled: false, pageLoadStrategy: normal, platform: MAC, platformName: MAC, rotatable: false, setWindowRect: true, takesHeapSnapshot: true, takesScreenshot: true, unexpectedAlertBehaviour: , unhandledPromptBehavior: , version: 65.0.3325.181, webStorageEnabled: true}
Session ID: 64abd7d46a0d530cb42058d0f9ad766f
*** Element info: {Using=xpath, value=//*[@id='chapternav']/div/ul/li[3]/a/span[text()='MacBook Pro']}
]]></system-out>
    <system-err><![CDATA[Mar 28, 2018 1:44:30 AM org.openqa.selenium.remote.DesiredCapabilities chrome
INFO: Using `new ChromeOptions()` is preferred to `DesiredCapabilities.chrome()`
log4j:WARN No appenders could be found for logger (org.apache.http.client.protocol.RequestAddCookies).
log4j:WARN Please initialize the log4j system properly.
Mar 28, 2018 1:44:35 AM org.openqa.selenium.remote.ProtocolHandshake createSession
INFO: Detected dialect: OSS
Mar 28, 2018 1:44:42 AM com.mongodb.diagnostics.logging.JULLogger log
INFO: Cluster created with settings {hosts=[localhost:27017], mode=SINGLE, requiredClusterType=UNKNOWN, serverSelectionTimeout='30000 ms', maxWaitQueueSize=500}
Mar 28, 2018 1:44:42 AM com.mongodb.diagnostics.logging.JULLogger log
INFO: No server chosen by ReadPreferenceServerSelector{readPreference=primary} from cluster description ClusterDescription{type=UNKNOWN, connectionMode=SINGLE, all=[ServerDescription{address=localhost:27017, type=UNKNOWN, state=CONNECTING}]}. Waiting for 30000 ms before timing out
Mar 28, 2018 1:44:42 AM com.mongodb.diagnostics.logging.JULLogger log
INFO: Opened connection [connectionId{localValue:1, serverValue:26}] to localhost:27017
Mar 28, 2018 1:44:42 AM com.mongodb.diagnostics.logging.JULLogger log
INFO: Monitor thread successfully connected to server with description ServerDescription{address=localhost:27017, type=STANDALONE, state=CONNECTED, ok=true, version=ServerVersion{versionList=[3, 6, 3]}, minWireVersion=0, maxWireVersion=6, electionId=null, maxDocumentSize=16777216, roundTripTimeNanos=1037226}
Mar 28, 2018 1:44:42 AM com.mongodb.diagnostics.logging.JULLogger log
INFO: Opened connection [connectionId{localValue:2, serverValue:27}] to localhost:27017
]]></system-err>
  </testcase>
</testsuite>