<?xml version="1.0" encoding="UTF-8"?>
<!-- Generated by org.testng.reporters.JUnitReportReporter -->
<testsuite skipped="0" hostname="D1ML00123M.local" name="com.apple.testcases.AppleStep1Flow" tests="1" failures="0" timestamp="28 Mar 2018 18:42:55 GMT" time="72.254" errors="0">
  <testcase name="LoginTest" time="72.254" classname="com.apple.testcases.AppleStep1Flow"/>
</testsuite> <!-- com.apple.testcases.AppleStep1Flow -->
