<?xml version="1.0" encoding="UTF-8"?>
<!-- Generated by org.testng.reporters.JUnitReportReporter -->
<testsuite skipped="0" hostname="D1ML00123M.local" name="com.apple.testcases.HomePageTest" tests="3" failures="0" timestamp="16 Mar 2018 16:37:30 GMT" time="2.433" errors="0">
  <testcase name="homePageTitleTest" time="0.020" classname="com.apple.testcases.HomePageTest"/>
  <testcase name="clickOnBagIconTest" time="0.155" classname="com.apple.testcases.HomePageTest"/>
  <testcase name="clickOnSignInLinkTest" time="2.258" classname="com.apple.testcases.HomePageTest"/>
</testsuite> <!-- com.apple.testcases.HomePageTest -->
