<?xml version="1.0" encoding="UTF-8"?>
<!-- Generated by org.testng.reporters.JUnitReportReporter -->
<testsuite skipped="0" hostname="D1ML00123M.local" name="com.apple.testcases.LoginPageTest" tests="4" failures="0" timestamp="16 Mar 2018 16:37:30 GMT" time="39.072" errors="0">
  <testcase name="loginPageTitleTest" time="8.794" classname="com.apple.testcases.LoginPageTest"/>
  <testcase name="loginTest" time="10.983" classname="com.apple.testcases.LoginPageTest"/>
  <testcase name="loginTest" time="10.090" classname="com.apple.testcases.LoginPageTest"/>
  <testcase name="loginTest" time="9.205" classname="com.apple.testcases.LoginPageTest"/>
</testsuite> <!-- com.apple.testcases.LoginPageTest -->
